This is pdfTeX, Version 3.141592653-2.6-1.40.25 (TeX Live 2023/Debian) (preloaded format=pdflatex 2025.10.15)  27 OCT 2025 14:19
entering extended mode
 restricted \write18 enabled.
 %&-line parsing enabled.
**Tesis_Apellido.tex
(./Tesis_Apellido.tex
LaTeX2e <2023-11-01> patch level 1
L3 programming layer <2024-01-22>
(/usr/share/texlive/texmf-dist/tex/latex/base/book.cls
Document Class: book 2023/05/17 v1.4n Standard LaTeX document class
(/usr/share/texlive/texmf-dist/tex/latex/base/bk11.clo
File: bk11.clo 2023/05/17 v1.4n Standard LaTeX file (size option)
)
\c@part=\count187
\c@chapter=\count188
\c@section=\count189
\c@subsection=\count190
\c@subsubsection=\count191
\c@paragraph=\count192
\c@subparagraph=\count193
\c@figure=\count194
\c@table=\count195
\abovecaptionskip=\skip48
\belowcaptionskip=\skip49
\bibindent=\dimen140
)
(/usr/share/texlive/texmf-dist/tex/latex/geometry/geometry.sty
Package: geometry 2020/01/02 v5.9 Page Geometry

(/usr/share/texlive/texmf-dist/tex/latex/graphics/keyval.sty
Package: keyval 2022/05/29 v1.15 key=value parser (DPC)
\KV@toks@=\toks17
)
(/usr/share/texlive/texmf-dist/tex/generic/iftex/ifvtex.sty
Package: ifvtex 2019/10/25 v1.7 ifvtex legacy package. Use iftex instead.

(/usr/share/texlive/texmf-dist/tex/generic/iftex/iftex.sty
Package: iftex 2022/02/03 v1.0f TeX engine tests
))
\Gm@cnth=\count196
\Gm@cntv=\count197
\c@Gm@tempcnt=\count198
\Gm@bindingoffset=\dimen141
\Gm@wd@mp=\dimen142
\Gm@odd@mp=\dimen143
\Gm@even@mp=\dimen144
\Gm@layoutwidth=\dimen145
\Gm@layoutheight=\dimen146
\Gm@layouthoffset=\dimen147
\Gm@layoutvoffset=\dimen148
\Gm@dimlist=\toks18
)
(/usr/share/texlive/texmf-dist/tex/generic/babel/babel.sty
Package: babel 2024/01/07 v24.1 The Babel package
\babel@savecnt=\count199
\U@D=\dimen149
\l@unhyphenated=\language9

(/usr/share/texlive/texmf-dist/tex/generic/babel/txtbabel.def)
\bbl@readstream=\read2
\bbl@dirlevel=\count266

(/usr/share/texlive/texmf-dist/tex/generic/babel/locale/es/babel-spanish.tex)
Package babel Info: Importing data for spanish
(babel)             from babel-es.ini. Reported on input line 4318.
Package babel Info: Hyphen rules for 'spanish' set to \l@english
(babel)             (\language0). Reported on input line 4318.
)
(/usr/share/texlive/texmf-dist/tex/latex/base/inputenc.sty
Package: inputenc 2021/02/14 v1.3d Input encoding file
\inpenc@prehook=\toks19
\inpenc@posthook=\toks20
)
(/usr/share/texlive/texmf-dist/tex/latex/natbib/natbib.sty
Package: natbib 2010/09/13 8.31b (PWD, AO)
\bibhang=\skip50
\bibsep=\skip51
LaTeX Info: Redefining \cite on input line 694.
\c@NAT@ctr=\count267
)
(/usr/share/texlive/texmf-dist/tex/latex/wrapfig/wrapfig.sty
\wrapoverhang=\dimen150
\WF@size=\dimen151
\c@WF@wrappedlines=\count268
\WF@box=\box51
\WF@everypar=\toks21
Package: wrapfig 2003/01/31  v 3.6
)
(/usr/share/texlive/texmf-dist/tex/latex/base/textcomp.sty
Package: textcomp 2020/02/02 v2.0n Standard LaTeX package
)
(/usr/share/texmf/tex/latex/lm/lmodern.sty
Package: lmodern 2015/05/01 v1.6.1 Latin Modern Fonts
LaTeX Font Info:    Overwriting symbol font `operators' in version `normal'
(Font)                  OT1/cmr/m/n --> OT1/lmr/m/n on input line 22.
LaTeX Font Info:    Overwriting symbol font `letters' in version `normal'
(Font)                  OML/cmm/m/it --> OML/lmm/m/it on input line 23.
LaTeX Font Info:    Overwriting symbol font `symbols' in version `normal'
(Font)                  OMS/cmsy/m/n --> OMS/lmsy/m/n on input line 24.
LaTeX Font Info:    Overwriting symbol font `largesymbols' in version `normal'
(Font)                  OMX/cmex/m/n --> OMX/lmex/m/n on input line 25.
LaTeX Font Info:    Overwriting symbol font `operators' in version `bold'
(Font)                  OT1/cmr/bx/n --> OT1/lmr/bx/n on input line 26.
LaTeX Font Info:    Overwriting symbol font `letters' in version `bold'
(Font)                  OML/cmm/b/it --> OML/lmm/b/it on input line 27.
LaTeX Font Info:    Overwriting symbol font `symbols' in version `bold'
(Font)                  OMS/cmsy/b/n --> OMS/lmsy/b/n on input line 28.
LaTeX Font Info:    Overwriting symbol font `largesymbols' in version `bold'
(Font)                  OMX/cmex/m/n --> OMX/lmex/m/n on input line 29.
LaTeX Font Info:    Overwriting math alphabet `\mathbf' in version `normal'
(Font)                  OT1/cmr/bx/n --> OT1/lmr/bx/n on input line 31.
LaTeX Font Info:    Overwriting math alphabet `\mathsf' in version `normal'
(Font)                  OT1/cmss/m/n --> OT1/lmss/m/n on input line 32.
LaTeX Font Info:    Overwriting math alphabet `\mathit' in version `normal'
(Font)                  OT1/cmr/m/it --> OT1/lmr/m/it on input line 33.
LaTeX Font Info:    Overwriting math alphabet `\mathtt' in version `normal'
(Font)                  OT1/cmtt/m/n --> OT1/lmtt/m/n on input line 34.
LaTeX Font Info:    Overwriting math alphabet `\mathbf' in version `bold'
(Font)                  OT1/cmr/bx/n --> OT1/lmr/bx/n on input line 35.
LaTeX Font Info:    Overwriting math alphabet `\mathsf' in version `bold'
(Font)                  OT1/cmss/bx/n --> OT1/lmss/bx/n on input line 36.
LaTeX Font Info:    Overwriting math alphabet `\mathit' in version `bold'
(Font)                  OT1/cmr/bx/it --> OT1/lmr/bx/it on input line 37.
LaTeX Font Info:    Overwriting math alphabet `\mathtt' in version `bold'
(Font)                  OT1/cmtt/m/n --> OT1/lmtt/m/n on input line 38.
)
(/usr/share/texlive/texmf-dist/tex/latex/amsmath/amsmath.sty
Package: amsmath 2023/05/13 v2.17o AMS math features
\@mathmargin=\skip52

For additional information on amsmath, use the `?' option.
(/usr/share/texlive/texmf-dist/tex/latex/amsmath/amstext.sty
Package: amstext 2021/08/26 v2.01 AMS text

(/usr/share/texlive/texmf-dist/tex/latex/amsmath/amsgen.sty
File: amsgen.sty 1999/11/30 v2.0 generic functions
\@emptytoks=\toks22
\ex@=\dimen152
))
(/usr/share/texlive/texmf-dist/tex/latex/amsmath/amsbsy.sty
Package: amsbsy 1999/11/29 v1.2d Bold Symbols
\pmbraise@=\dimen153
)
(/usr/share/texlive/texmf-dist/tex/latex/amsmath/amsopn.sty
Package: amsopn 2022/04/08 v2.04 operator names
)
\inf@bad=\count269
LaTeX Info: Redefining \frac on input line 234.
\uproot@=\count270
\leftroot@=\count271
LaTeX Info: Redefining \overline on input line 399.
LaTeX Info: Redefining \colon on input line 410.
\classnum@=\count272
\DOTSCASE@=\count273
LaTeX Info: Redefining \ldots on input line 496.
LaTeX Info: Redefining \dots on input line 499.
LaTeX Info: Redefining \cdots on input line 620.
\Mathstrutbox@=\box52
\strutbox@=\box53
LaTeX Info: Redefining \big on input line 722.
LaTeX Info: Redefining \Big on input line 723.
LaTeX Info: Redefining \bigg on input line 724.
LaTeX Info: Redefining \Bigg on input line 725.
\big@size=\dimen154
LaTeX Font Info:    Redeclaring font encoding OML on input line 743.
LaTeX Font Info:    Redeclaring font encoding OMS on input line 744.
\macc@depth=\count274
LaTeX Info: Redefining \bmod on input line 905.
LaTeX Info: Redefining \pmod on input line 910.
LaTeX Info: Redefining \smash on input line 940.
LaTeX Info: Redefining \relbar on input line 970.
LaTeX Info: Redefining \Relbar on input line 971.
\c@MaxMatrixCols=\count275
\dotsspace@=\muskip16
\c@parentequation=\count276
\dspbrk@lvl=\count277
\tag@help=\toks23
\row@=\count278
\column@=\count279
\maxfields@=\count280
\andhelp@=\toks24
\eqnshift@=\dimen155
\alignsep@=\dimen156
\tagshift@=\dimen157
\tagwidth@=\dimen158
\totwidth@=\dimen159
\lineht@=\dimen160
\@envbody=\toks25
\multlinegap=\skip53
\multlinetaggap=\skip54
\mathdisplay@stack=\toks26
LaTeX Info: Redefining \[ on input line 2953.
LaTeX Info: Redefining \] on input line 2954.
)
(/usr/share/texlive/texmf-dist/tex/latex/amsfonts/amssymb.sty
Package: amssymb 2013/01/14 v3.01 AMS font symbols

(/usr/share/texlive/texmf-dist/tex/latex/amsfonts/amsfonts.sty
Package: amsfonts 2013/01/14 v3.01 Basic AMSFonts support
\symAMSa=\mathgroup4
\symAMSb=\mathgroup5
LaTeX Font Info:    Redeclaring math symbol \hbar on input line 98.
LaTeX Font Info:    Overwriting math alphabet `\mathfrak' in version `bold'
(Font)                  U/euf/m/n --> U/euf/b/n on input line 106.
))
(/usr/share/texlive/texmf-dist/tex/latex/gensymb/gensymb.sty
Package: gensymb 2022/10/17 v1.0.2 (KJH)
)
(/usr/share/texlive/texmf-dist/tex/latex/float/float.sty
Package: float 2001/11/08 v1.3d Float enhancements (AL)
\c@float@type=\count281
\float@exts=\toks27
\float@box=\box54
\@float@everytoks=\toks28
\@floatcapt=\box55
)
(/usr/share/texlive/texmf-dist/tex/latex/comment/comment.sty
\CommentStream=\write3

Excluding comment 'comment')
(/usr/share/texlive/texmf-dist/tex/latex/graphics/graphicx.sty
Package: graphicx 2021/09/16 v1.2d Enhanced LaTeX Graphics (DPC,SPQR)

(/usr/share/texlive/texmf-dist/tex/latex/graphics/graphics.sty
Package: graphics 2022/03/10 v1.4e Standard LaTeX Graphics (DPC,SPQR)

(/usr/share/texlive/texmf-dist/tex/latex/graphics/trig.sty
Package: trig 2021/08/11 v1.11 sin cos tan (DPC)
)
(/usr/share/texlive/texmf-dist/tex/latex/graphics-cfg/graphics.cfg
File: graphics.cfg 2016/06/04 v1.11 sample graphics configuration
)
Package graphics Info: Driver file: pdftex.def on input line 107.

(/usr/share/texlive/texmf-dist/tex/latex/graphics-def/pdftex.def
File: pdftex.def 2022/09/22 v1.2b Graphics/color driver for pdftex
))
\Gin@req@height=\dimen161
\Gin@req@width=\dimen162
)
(/usr/share/texlive/texmf-dist/tex/latex/import/import.sty
Package: import 2020/04/01  v 6.2
)
(/usr/share/texlive/texmf-dist/tex/latex/url/url.sty
\Urlmuskip=\muskip17
Package: url 2013/09/16  ver 3.4  Verb mode for urls, etc.
)
(/usr/share/texlive/texmf-dist/tex/latex/caption/caption.sty
Package: caption 2023/08/05 v3.6o Customizing captions (AR)

(/usr/share/texlive/texmf-dist/tex/latex/caption/caption3.sty
Package: caption3 2023/07/31 v2.4d caption3 kernel (AR)
\caption@tempdima=\dimen163
\captionmargin=\dimen164
\caption@leftmargin=\dimen165
\caption@rightmargin=\dimen166
\caption@width=\dimen167
\caption@indent=\dimen168
\caption@parindent=\dimen169
\caption@hangindent=\dimen170
Package caption Info: Standard document class detected.
)
\c@caption@flags=\count282
\c@continuedfloat=\count283
Package caption Info: float package is loaded.
Package caption Info: wrapfig package is loaded.
)
(/usr/share/texlive/texmf-dist/tex/latex/caption/subcaption.sty
Package: subcaption 2023/07/28 v1.6b Sub-captions (AR)
Package caption Info: New subtype `subfigure' on input line 238.
\c@subfigure=\count284
Package caption Info: New subtype `subtable' on input line 238.
\c@subtable=\count285
)
(/usr/share/texlive/texmf-dist/tex/latex/fancyhdr/fancyhdr.sty
Package: fancyhdr 2022/11/09 v4.1 Extensive control of page headers and footers

\f@nch@headwidth=\skip55
\f@nch@O@elh=\skip56
\f@nch@O@erh=\skip57
\f@nch@O@olh=\skip58
\f@nch@O@orh=\skip59
\f@nch@O@elf=\skip60
\f@nch@O@erf=\skip61
\f@nch@O@olf=\skip62
\f@nch@O@orf=\skip63
)
(/usr/share/texlive/texmf-dist/tex/latex/titlesec/titlesec.sty
Package: titlesec 2023/10/27 v2.16 Sectioning titles
\ttl@box=\box56
\beforetitleunit=\skip64
\aftertitleunit=\skip65
\ttl@plus=\dimen171
\ttl@minus=\dimen172
\ttl@toksa=\toks29
\titlewidth=\dimen173
\titlewidthlast=\dimen174
\titlewidthfirst=\dimen175
)
(/usr/share/texlive/texmf-dist/tex/latex/enumitem/enumitem.sty
Package: enumitem 2019/06/20 v3.9 Customized lists
\labelindent=\skip66
\enit@outerparindent=\dimen176
\enit@toks=\toks30
\enit@inbox=\box57
\enit@count@id=\count286
\enitdp@description=\count287
)
(/usr/share/texlive/texmf-dist/tex/latex/siunitx/siunitx.sty
Package: siunitx 2024-01-25 v3.3.10 A comprehensive (SI) units package
\l__siunitx_number_uncert_offset_int=\count288
\l__siunitx_number_exponent_fixed_int=\count289
\l__siunitx_number_min_decimal_int=\count290
\l__siunitx_number_min_integer_int=\count291
\l__siunitx_number_round_precision_int=\count292
\l__siunitx_number_lower_threshold_int=\count293
\l__siunitx_number_upper_threshold_int=\count294
\l__siunitx_number_group_first_int=\count295
\l__siunitx_number_group_size_int=\count296
\l__siunitx_number_group_minimum_int=\count297
\l__siunitx_angle_tmp_dim=\dimen177
\l__siunitx_angle_marker_box=\box58
\l__siunitx_angle_unit_box=\box59
\l__siunitx_compound_count_int=\count298

(/usr/share/texlive/texmf-dist/tex/latex/translations/translations.sty
Package: translations 2022/02/05 v1.12 internationalization of LaTeX2e packages
 (CN)

(/usr/share/texlive/texmf-dist/tex/latex/etoolbox/etoolbox.sty
Package: etoolbox 2020/10/05 v2.5k e-TeX tools for LaTeX (JAW)
\etb@tempcnta=\count299
)
(/usr/share/texlive/texmf-dist/tex/generic/pdftexcmds/pdftexcmds.sty
Package: pdftexcmds 2020-06-27 v0.33 Utility functions of pdfTeX for LuaTeX (HO
)

(/usr/share/texlive/texmf-dist/tex/generic/infwarerr/infwarerr.sty
Package: infwarerr 2019/12/03 v1.5 Providing info/warning/error messages (HO)
)
(/usr/share/texlive/texmf-dist/tex/generic/ltxcmds/ltxcmds.sty
Package: ltxcmds 2023-12-04 v1.26 LaTeX kernel commands for general use (HO)
)
Package pdftexcmds Info: \pdf@primitive is available.
Package pdftexcmds Info: \pdf@ifprimitive is available.
Package pdftexcmds Info: \pdfdraftmode found.
))
\l__siunitx_table_tmp_box=\box60
\l__siunitx_table_tmp_dim=\dimen178
\l__siunitx_table_column_width_dim=\dimen179
\l__siunitx_table_integer_box=\box61
\l__siunitx_table_decimal_box=\box62
\l__siunitx_table_uncert_box=\box63
\l__siunitx_table_before_box=\box64
\l__siunitx_table_after_box=\box65
\l__siunitx_table_before_dim=\dimen180
\l__siunitx_table_carry_dim=\dimen181
\l__siunitx_unit_tmp_int=\count300
\l__siunitx_unit_position_int=\count301
\l__siunitx_unit_total_int=\count302

(/usr/share/texlive/texmf-dist/tex/latex/tools/array.sty
Package: array 2023/10/16 v2.5g Tabular extension package (FMi)
\col@sep=\dimen182
\ar@mcellbox=\box66
\extrarowheight=\dimen183
\NC@list=\toks31
\extratabsurround=\skip67
\backup@length=\skip68
\ar@cellbox=\box67
))
(/usr/share/texlive/texmf-dist/tex/latex/booktabs/booktabs.sty
Package: booktabs 2020/01/12 v1.61803398 Publication quality tables
\heavyrulewidth=\dimen184
\lightrulewidth=\dimen185
\cmidrulewidth=\dimen186
\belowrulesep=\dimen187
\belowbottomsep=\dimen188
\aboverulesep=\dimen189
\abovetopsep=\dimen190
\cmidrulesep=\dimen191
\cmidrulekern=\dimen192
\defaultaddspace=\dimen193
\@cmidla=\count303
\@cmidlb=\count304
\@aboverulesep=\dimen194
\@belowrulesep=\dimen195
\@thisruleclass=\count305
\@lastruleclass=\count306
\@thisrulewidth=\dimen196
)
(/usr/share/texlive/texmf-dist/tex/latex/threeparttable/threeparttable.sty
Package: threeparttable 2003/06/13  v 3.0
\@tempboxb=\box68
)
(/usr/share/texlive/texmf-dist/tex/latex/graphics/rotating.sty
Package: rotating 2016/08/11 v2.16d rotated objects in LaTeX

(/usr/share/texlive/texmf-dist/tex/latex/base/ifthen.sty
Package: ifthen 2022/04/13 v1.1d Standard LaTeX ifthen package (DPC)
)
\c@r@tfl@t=\count307
\rotFPtop=\skip69
\rotFPbot=\skip70
\rot@float@box=\box69
\rot@mess@toks=\toks32
)
(/usr/share/texlive/texmf-dist/tex/latex/hyperref/hyperref.sty
Package: hyperref 2024-01-20 v7.01h Hypertext links for LaTeX

(/usr/share/texlive/texmf-dist/tex/latex/kvsetkeys/kvsetkeys.sty
Package: kvsetkeys 2022-10-05 v1.19 Key value parser (HO)
)
(/usr/share/texlive/texmf-dist/tex/generic/kvdefinekeys/kvdefinekeys.sty
Package: kvdefinekeys 2019-12-19 v1.6 Define keys (HO)
)
(/usr/share/texlive/texmf-dist/tex/generic/pdfescape/pdfescape.sty
Package: pdfescape 2019/12/09 v1.15 Implements pdfTeX's escape features (HO)
)
(/usr/share/texlive/texmf-dist/tex/latex/hycolor/hycolor.sty
Package: hycolor 2020-01-27 v1.10 Color options for hyperref/bookmark (HO)
)
(/usr/share/texlive/texmf-dist/tex/latex/auxhook/auxhook.sty
Package: auxhook 2019-12-17 v1.6 Hooks for auxiliary files (HO)
)
(/usr/share/texlive/texmf-dist/tex/latex/hyperref/nameref.sty
Package: nameref 2023-11-26 v2.56 Cross-referencing by name of section

(/usr/share/texlive/texmf-dist/tex/latex/refcount/refcount.sty
Package: refcount 2019/12/15 v3.6 Data extraction from label references (HO)
)
(/usr/share/texlive/texmf-dist/tex/generic/gettitlestring/gettitlestring.sty
Package: gettitlestring 2019/12/15 v1.6 Cleanup title references (HO)

(/usr/share/texlive/texmf-dist/tex/latex/kvoptions/kvoptions.sty
Package: kvoptions 2022-06-15 v3.15 Key value format for package options (HO)
))
\c@section@level=\count308
)
\@linkdim=\dimen197
\Hy@linkcounter=\count309
\Hy@pagecounter=\count310

(/usr/share/texlive/texmf-dist/tex/latex/hyperref/pd1enc.def
File: pd1enc.def 2024-01-20 v7.01h Hyperref: PDFDocEncoding definition (HO)
Now handling font encoding PD1 ...
... no UTF-8 mapping file for font encoding PD1
)
(/usr/share/texlive/texmf-dist/tex/generic/intcalc/intcalc.sty
Package: intcalc 2019/12/15 v1.3 Expandable calculations with integers (HO)
)
\Hy@SavedSpaceFactor=\count311

(/usr/share/texlive/texmf-dist/tex/latex/hyperref/puenc.def
File: puenc.def 2024-01-20 v7.01h Hyperref: PDF Unicode definition (HO)
Now handling font encoding PU ...
... no UTF-8 mapping file for font encoding PU
)
Package hyperref Info: Hyper figures OFF on input line 4179.
Package hyperref Info: Link nesting OFF on input line 4184.
Package hyperref Info: Hyper index ON on input line 4187.
Package hyperref Info: Plain pages OFF on input line 4194.
Package hyperref Info: Backreferencing OFF on input line 4199.
Package hyperref Info: Implicit mode ON; LaTeX internals redefined.
Package hyperref Info: Bookmarks ON on input line 4446.
\c@Hy@tempcnt=\count312
LaTeX Info: Redefining \url on input line 4784.
\XeTeXLinkMargin=\dimen198

(/usr/share/texlive/texmf-dist/tex/generic/bitset/bitset.sty
Package: bitset 2019/12/09 v1.3 Handle bit-vector datatype (HO)

(/usr/share/texlive/texmf-dist/tex/generic/bigintcalc/bigintcalc.sty
Package: bigintcalc 2019/12/15 v1.5 Expandable calculations on big integers (HO
)
))
\Fld@menulength=\count313
\Field@Width=\dimen199
\Fld@charsize=\dimen256
Package hyperref Info: Hyper figures OFF on input line 6063.
Package hyperref Info: Link nesting OFF on input line 6068.
Package hyperref Info: Hyper index ON on input line 6071.
Package hyperref Info: backreferencing OFF on input line 6078.
Package hyperref Info: Link coloring OFF on input line 6083.
Package hyperref Info: Link coloring with OCG OFF on input line 6088.
Package hyperref Info: PDF/A mode OFF on input line 6093.

(/usr/share/texlive/texmf-dist/tex/latex/base/atbegshi-ltx.sty
Package: atbegshi-ltx 2021/01/10 v1.0c Emulation of the original atbegshi
package with kernel methods
)
\Hy@abspage=\count314
\c@Item=\count315
\c@Hfootnote=\count316
)
Package hyperref Info: Driver (autodetected): hpdftex.

(/usr/share/texlive/texmf-dist/tex/latex/hyperref/hpdftex.def
File: hpdftex.def 2024-01-20 v7.01h Hyperref driver for pdfTeX

(/usr/share/texlive/texmf-dist/tex/latex/base/atveryend-ltx.sty
Package: atveryend-ltx 2020/08/19 v1.0a Emulation of the original atveryend pac
kage
with kernel methods
)
\Fld@listcount=\count317
\c@bookmark@seq@number=\count318

(/usr/share/texlive/texmf-dist/tex/latex/rerunfilecheck/rerunfilecheck.sty
Package: rerunfilecheck 2022-07-10 v1.10 Rerun checks for auxiliary files (HO)

(/usr/share/texlive/texmf-dist/tex/generic/uniquecounter/uniquecounter.sty
Package: uniquecounter 2019/12/15 v1.4 Provide unlimited unique counter (HO)
)
Package uniquecounter Info: New unique counter `rerunfilecheck' on input line 2
85.
)
\Hy@SectionHShift=\skip71
)
(/usr/share/texlive/texmf-dist/tex/latex/xcolor/xcolor.sty
Package: xcolor 2023/11/15 v3.01 LaTeX color extensions (UK)

(/usr/share/texlive/texmf-dist/tex/latex/graphics-cfg/color.cfg
File: color.cfg 2016/01/02 v1.6 sample color configuration
)
Package xcolor Info: Driver file: pdftex.def on input line 274.

(/usr/share/texlive/texmf-dist/tex/latex/graphics/mathcolor.ltx)
Package xcolor Info: Model `cmy' substituted by `cmy0' on input line 1350.
Package xcolor Info: Model `hsb' substituted by `rgb' on input line 1354.
Package xcolor Info: Model `RGB' extended on input line 1366.
Package xcolor Info: Model `HTML' substituted by `rgb' on input line 1368.
Package xcolor Info: Model `Hsb' substituted by `hsb' on input line 1369.
Package xcolor Info: Model `tHsb' substituted by `hsb' on input line 1370.
Package xcolor Info: Model `HSB' substituted by `hsb' on input line 1371.
Package xcolor Info: Model `Gray' substituted by `gray' on input line 1372.
Package xcolor Info: Model `wave' substituted by `hsb' on input line 1373.
)
(/usr/share/texlive/texmf-dist/tex/latex/tools/afterpage.sty
Package: afterpage 2023/07/04 v1.08 After-Page Package (DPC)
\AP@output=\toks33
\AP@partial=\box70
\AP@footins=\box71
)
(/usr/share/texlive/texmf-dist/tex/latex/graphbox/graphbox.sty
Package: graphbox 2018/01/17 v1.1 extension for graphicx to adjust containing b
ox
\Gin@box@box=\box72
\Gin@box@width=\skip72
\Gin@box@height=\skip73
\Gin@box@raise=\skip74
\Gin@box@hspace=\skip75
\Gin@box@bwidth=\skip76
\Gin@box@bheight=\skip77
)
(/usr/share/texlive/texmf-dist/tex/generic/ulem/ulem.sty
\UL@box=\box73
\UL@hyphenbox=\box74
\UL@skip=\skip78
\UL@hook=\toks34
\UL@height=\dimen257
\UL@pe=\count319
\UL@pixel=\dimen258
\ULC@box=\box75
Package: ulem 2019/11/18
\ULdepth=\dimen259
)
Package hyperref Info: Option `colorlinks' set `true' on input line 68.
LaTeX Font Info:    Trying to load font information for OT1+lmr on input line 1
51.

(/usr/share/texmf/tex/latex/lm/ot1lmr.fd
File: ot1lmr.fd 2015/05/01 v1.6.1 Font defs for Latin Modern
)
(/usr/share/texlive/texmf-dist/tex/latex/l3backend/l3backend-pdftex.def
File: l3backend-pdftex.def 2024-01-04 L3 backend support: PDF output (pdfTeX)
\l__color_backend_stack_int=\count320
\l__pdf_internal_box=\box76
)
(./Tesis_Apellido.aux (./tex/portada.aux) (./tex/prefacio.aux)
(./tex/resumen.aux) (./tex/dedicatoria.aux) (./tex/agradecimientos.aux)
(./tex/acronimos.aux) (./tex/introduccion.aux) (./tex/Marco.aux)
(./tex/Modelo.aux) (./tex/Resultados.aux) (./tex/apx1.aux))
\openout1 = `Tesis_Apellido.aux'.

LaTeX Font Info:    Checking defaults for OML/cmm/m/it on input line 151.
LaTeX Font Info:    ... okay on input line 151.
LaTeX Font Info:    Checking defaults for OMS/cmsy/m/n on input line 151.
LaTeX Font Info:    ... okay on input line 151.
LaTeX Font Info:    Checking defaults for OT1/cmr/m/n on input line 151.
LaTeX Font Info:    ... okay on input line 151.
LaTeX Font Info:    Checking defaults for T1/cmr/m/n on input line 151.
LaTeX Font Info:    ... okay on input line 151.
LaTeX Font Info:    Checking defaults for TS1/cmr/m/n on input line 151.
LaTeX Font Info:    ... okay on input line 151.
LaTeX Font Info:    Checking defaults for OMX/cmex/m/n on input line 151.
LaTeX Font Info:    ... okay on input line 151.
LaTeX Font Info:    Checking defaults for U/cmr/m/n on input line 151.
LaTeX Font Info:    ... okay on input line 151.
LaTeX Font Info:    Checking defaults for PD1/pdf/m/n on input line 151.
LaTeX Font Info:    ... okay on input line 151.
LaTeX Font Info:    Checking defaults for PU/pdf/m/n on input line 151.
LaTeX Font Info:    ... okay on input line 151.

*geometry* driver: auto-detecting
*geometry* detected driver: pdftex
*geometry* verbose mode - [ preamble ] result:
* driver: pdftex
* paper: a4paper
* layout: <same size as paper>
* layoutoffset:(h,v)=(0.0pt,0.0pt)
* modes: twoside 
* h-part:(L,W,R)=(71.13188pt, 441.01773pt, 85.35826pt)
* v-part:(T,H,B)=(85.35826pt, 674.33032pt, 85.35826pt)
* \paperwidth=597.50787pt
* \paperheight=845.04684pt
* \textwidth=441.01773pt
* \textheight=674.33032pt
* \oddsidemargin=-1.1381pt
* \evensidemargin=13.08827pt
* \topmargin=-18.78552pt
* \headheight=12.0pt
* \headsep=19.8738pt
* \topskip=11.0pt
* \footskip=27.46295pt
* \marginparwidth=106.0pt
* \marginparsep=7.0pt
* \columnsep=10.0pt
* \skip\footins=10.0pt plus 4.0pt minus 2.0pt
* \hoffset=0.0pt
* \voffset=0.0pt
* \mag=1000
* \@twocolumnfalse
* \@twosidetrue
* \@mparswitchtrue
* \@reversemarginfalse
* (1in=72.27pt=25.4mm, 1cm=28.453pt)

\symgns@font=\mathgroup6
LaTeX Font Info:    Overwriting symbol font `gns@font' in version `bold'
(Font)                  TS1/lmr/m/n --> TS1/lmr/b/n on input line 151.
Package gensymb Info: Math companion symbols declared on input line 151.
LaTeX Info: Redefining \degree on input line 151.
LaTeX Info: Redefining \celsius on input line 151.
Package gensymb Info: Using text companion symbols for \degree, \celsius and \p
erthousand on input line 151.
LaTeX Info: Redefining \ohm on input line 151.
Package gensymb Info: Using \textohm for \ohm on input line 151.
Package gensymb Info: Using \textmu for \micro on input line 151.
(/usr/share/texlive/texmf-dist/tex/context/base/mkii/supp-pdf.mkii
[Loading MPS to PDF converter (version 2006.09.02).]
\scratchcounter=\count321
\scratchdimen=\dimen260
\scratchbox=\box77
\nofMPsegments=\count322
\nofMParguments=\count323
\everyMPshowfont=\toks35
\MPscratchCnt=\count324
\MPscratchDim=\dimen261
\MPnumerator=\count325
\makeMPintoPDFobject=\count326
\everyMPtoPDFconversion=\toks36
) (/usr/share/texlive/texmf-dist/tex/latex/epstopdf-pkg/epstopdf-base.sty
Package: epstopdf-base 2020-01-24 v2.11 Base part for package epstopdf
Package epstopdf-base Info: Redefining graphics rule for `.eps' on input line 4
85.

(/usr/share/texlive/texmf-dist/tex/latex/latexconfig/epstopdf-sys.cfg
File: epstopdf-sys.cfg 2010/07/13 v1.3 Configuration of (r)epstopdf for TeX Liv
e
))
Package caption Info: Begin \AtBeginDocument code.
Package caption Info: hyperref package is loaded.
Package caption Info: rotating package is loaded.
Package caption Info: threeparttable package is loaded.
Package caption Info: End \AtBeginDocument code.
Package hyperref Info: Link coloring ON on input line 151.

(./Tesis_Apellido.out) (./Tesis_Apellido.out)
\@outlinefile=\write4
\openout4 = `Tesis_Apellido.out'.

\openout2 = `tex/portada.aux'.

 (./tex/portada.tex
<graphics/portada/logo-unlp.png, id=188, 329.23pt x 389.455pt>
File: graphics/portada/logo-unlp.png Graphic file (type png)
<use graphics/portada/logo-unlp.png>
Package pdftex.def Info: graphics/portada/logo-unlp.png  used on input line 5.
(pdftex.def)             Requested size: 192.42043pt x 227.62204pt.
LaTeX Font Info:    Trying to load font information for OML+lmm on input line 6
.

(/usr/share/texmf/tex/latex/lm/omllmm.fd
File: omllmm.fd 2015/05/01 v1.6.1 Font defs for Latin Modern
)
LaTeX Font Info:    Trying to load font information for OMS+lmsy on input line 
6.

(/usr/share/texmf/tex/latex/lm/omslmsy.fd
File: omslmsy.fd 2015/05/01 v1.6.1 Font defs for Latin Modern
)
LaTeX Font Info:    Trying to load font information for OMX+lmex on input line 
6.

(/usr/share/texmf/tex/latex/lm/omxlmex.fd
File: omxlmex.fd 2015/05/01 v1.6.1 Font defs for Latin Modern
)
LaTeX Font Info:    External font `lmex10' loaded for size
(Font)              <10.95> on input line 6.
LaTeX Font Info:    External font `lmex10' loaded for size
(Font)              <8> on input line 6.
LaTeX Font Info:    External font `lmex10' loaded for size
(Font)              <6> on input line 6.
LaTeX Font Info:    Trying to load font information for U+msa on input line 6.

(/usr/share/texlive/texmf-dist/tex/latex/amsfonts/umsa.fd
File: umsa.fd 2013/01/14 v3.01 AMS symbols A
)
LaTeX Font Info:    Trying to load font information for U+msb on input line 6.

(/usr/share/texlive/texmf-dist/tex/latex/amsfonts/umsb.fd
File: umsb.fd 2013/01/14 v3.01 AMS symbols B
)
LaTeX Font Info:    Trying to load font information for TS1+lmr on input line 6
.

(/usr/share/texmf/tex/latex/lm/ts1lmr.fd
File: ts1lmr.fd 2015/05/01 v1.6.1 Font defs for Latin Modern
)

LaTeX Font Warning: Font shape `OT1/lmr/m/scit' undefined
(Font)              using `OT1/lmr/m/scsl' instead on input line 14.

) [1



{/var/lib/texmf/fonts/map/pdftex/updmap/pdftex.map}{/usr/share/texmf/fonts/enc/
dvips/lm/lm-rm.enc}{/usr/share/texmf/fonts/enc/dvips/lm/lm-rmsc.enc} <./graphic
s/portada/logo-unlp.png>] [2



]
\openout2 = `tex/prefacio.aux'.

 (./tex/prefacio.tex
LaTeX Font Info:    Trying to load font information for OT1+lmtt on input line 
13.

(/usr/share/texmf/tex/latex/lm/ot1lmtt.fd
File: ot1lmtt.fd 2015/05/01 v1.6.1 Font defs for Latin Modern
)) [3


{/usr/share/texmf/fonts/enc/dvips/lm/lm-rmtt.enc}] [4



]
\openout2 = `tex/resumen.aux'.

 (./tex/resumen.tex [5


] [6

]) [7] [8



]
\openout2 = `tex/dedicatoria.aux'.


(./tex/dedicatoria.tex) [9

] [10



]
\openout2 = `tex/agradecimientos.aux'.

 (./tex/agradecimientos.tex) [11


] [12



]
(./Tesis_Apellido.toc [13

])
\tf@toc=\write5
\openout5 = `Tesis_Apellido.toc'.



Package fancyhdr Warning: \headheight is too small (12.0pt): 
(fancyhdr)                Make it at least 12.87001pt, for example:
(fancyhdr)                \setlength{\headheight}{12.87001pt}.
(fancyhdr)                You might also make \topmargin smaller to compensate:

(fancyhdr)                \addtolength{\topmargin}{-0.87001pt}.

[14]
\openout2 = `tex/acronimos.aux'.

 (./tex/acronimos.tex
Overfull \hbox (6.85898pt too wide) in paragraph at lines 12--13
[]\OT1/lmr/m/n/10.95 LINER: Re-giones nu-cle-ar-es emiso-ras de ba-ja ion-izaci
^^Son (\OT1/lmr/m/it/10.95 Low-ionization nu-cle-ar emission-
 []

! Undefined control sequence.
l.23 ...Telescopio \textit{Event Horizont} (\texit
                                                  {Event Horizont Telescope})
? 
)

Package fancyhdr Warning: \headheight is too small (12.0pt): 
(fancyhdr)                Make it at least 12.87001pt, for example:
(fancyhdr)                \setlength{\headheight}{12.87001pt}.
(fancyhdr)                You might also make \topmargin smaller to compensate:

(fancyhdr)                \addtolength{\topmargin}{-0.87001pt}.

[15

{/usr/share/texmf/fonts/enc/dvips/lm/lm-ts1.enc}] [16



] (./Tesis_Apellido.lof)
\tf@lof=\write6
\openout6 = `Tesis_Apellido.lof'.

 [17

{/usr/share/texmf/fonts/enc/dvips/lm/lm-mathit.enc}] [18

]
\openout2 = `tex/introduccion.aux'.


(./tex/introduccion.tex
\bbl@ensure@spanish {Cap\'\i tulo} 1.

Package natbib Warning: Citation `Ransom2011' on page 1 undefined on input line
 44.


LaTeX Warning: Reference `cha:radio' on page 1 undefined on input line 52.


LaTeX Warning: Reference `cha:ondas' on page 1 undefined on input line 54.


LaTeX Warning: Reference `cha:conclusiones' on page 1 undefined on input line 5
5.

) [1



] [2



]
\openout2 = `tex/Marco.aux'.

 (./tex/Marco.tex
\bbl@ensure@spanish {Cap\'\i tulo} 2.

Package natbib Warning: Citation `Schwarzschild1916' on page 3 undefined on inp
ut line 17.


Package natbib Warning: Citation `Carroll2004' on page 3 undefined on input lin
e 22.

[3


{/usr/share/texmf/fonts/enc/dvips/lm/lm-mathsy.enc}{/usr/share/texmf/fonts/enc/
dvips/lm/lm-mathex.enc}]

Package natbib Warning: Citation `Kerr1963' on page 4 undefined on input line 2
6.


Package natbib Warning: Citation `Carroll2004' on page 4 undefined on input lin
e 37.


Package natbib Warning: Citation `Boccardi2017' on page 4 undefined on input li
ne 45.

Excluding 'comment' comment. [4]

Package natbib Warning: Citation `Mertens2016' on page 5 undefined on input lin
e 87.


Package natbib Warning: Citation `Walker2016' on page 5 undefined on input line
 87.


Package natbib Warning: Citation `Nagai2019' on page 5 undefined on input line 
87.


Package natbib Warning: Citation `Boccardi2015' on page 5 undefined on input li
ne 87.


Package natbib Warning: Citation `Mertens2016' on page 5 undefined on input lin
e 87.


Package natbib Warning: Citation `Walker2016' on page 5 undefined on input line
 87.


Package natbib Warning: Citation `Nagai2019' on page 5 undefined on input line 
87.


Package natbib Warning: Citation `Bruni2021' on page 5 undefined on input line 
87.


Package natbib Warning: Citation `Yang2024' on page 5 undefined on input line 8
7.


Package natbib Warning: Citation `Nakamura2018' on page 5 undefined on input li
ne 87.


Package natbib Warning: Citation `Blandford1977' on page 5 undefined on input l
ine 92.


Package natbib Warning: Citation `Blandford1982' on page 5 undefined on input l
ine 92.

[5]

Package natbib Warning: Citation `Blandford1977' on page 6 undefined on input l
ine 95.


Package natbib Warning: Citation `Blandford1982' on page 6 undefined on input l
ine 96.

Excluding 'comment' comment.

Package natbib Warning: Citation `1995PASP..107..803U' on page 6 undefined on i
nput line 115.


Package natbib Warning: Citation `Ulrich1997' on page 6 undefined on input line
 115.


Package natbib Warning: Citation `Böttcher2013' on page 6 undefined on input l
ine 117.

Excluding 'comment' comment.
Runaway argument?
{Existen múltiples modelos para la aceleración de partículas en un\ETC.
! Paragraph ended before \@textcolor was complete.
<to be read again> 
                   \par 
l.138 
      
? 

Package natbib Warning: Citation `Begelman1998' on page 6 undefined on input li
ne 139.


Package natbib Warning: Citation `Barniol2017' on page 6 undefined on input lin
e 139.

! Too many }'s.
l.139 ...ue puede transferirse a las partículas.}
                                                  \textcolor{red}{expandir}
? 
[6] Excluding 'comment' comment.

Package natbib Warning: Citation `Fath1909' on page 7 undefined on input line 1
83.


Package natbib Warning: Citation `Seyfert1943' on page 7 undefined on input lin
e 183.


Package natbib Warning: Citation `Curtis1918' on page 7 undefined on input line
 184.


Package natbib Warning: Citation `Jennison1953' on page 7 undefined on input li
ne 184.


Package natbib Warning: Citation `Hazard1963' on page 7 undefined on input line
 184.


Package natbib Warning: Citation `Schmidt1963' on page 7 undefined on input lin
e 184.

[7]

Package natbib Warning: Citation `1995PASP..107..803U' on page 8 undefined on i
nput line 186.


Package natbib Warning: Citation `1995PASP..107..803U' on page 8 undefined on i
nput line 196.


Package natbib Warning: Citation `Fanaroff1974' on page 8 undefined on input li
ne 202.


Package natbib Warning: Citation `begelman1984theory' on page 8 undefined on in
put line 202.


Package natbib Warning: Citation `Blandford2019' on page 8 undefined on input l
ine 202.

<graphics/Marco/cenA_w22.jpg, id=409, 526.96875pt x 526.96875pt>
File: graphics/Marco/cenA_w22.jpg Graphic file (type jpg)
<use graphics/Marco/cenA_w22.jpg>
Package pdftex.def Info: graphics/Marco/cenA_w22.jpg  used on input line 206.
(pdftex.def)             Requested size: 220.50887pt x 220.51323pt.

LaTeX Warning: `!h' float specifier changed to `!ht'.

[8]

Package natbib Warning: Citation `Fanaroff1974' on page 9 undefined on input li
ne 213.


Overfull \hbox (11.3661pt too wide) in paragraph at lines 213--215
[]\OT1/lmr/m/n/10.95 Este tipo de fuentes se clasi-f-i-can en dos cat-e-gor^^S^
^Pas prin-ci-pales, cono-ci-das co-mo Fa-naroff{Riley
 []


Package natbib Warning: Citation `Laing2007' on page 9 undefined on input line 
217.

<graphics/Marco/3C31-crop.pdf, id=414, 503.8825pt x 502.87875pt>
File: graphics/Marco/3C31-crop.pdf Graphic file (type pdf)
<use graphics/Marco/3C31-crop.pdf>
Package pdftex.def Info: graphics/Marco/3C31-crop.pdf  used on input line 223.
(pdftex.def)             Requested size: 198.45662pt x 198.06326pt.
<graphics/Marco/3C98-crop.pdf, id=415, 503.8825pt x 502.87875pt>
File: graphics/Marco/3C98-crop.pdf Graphic file (type pdf)
<use graphics/Marco/3C98-crop.pdf>
Package pdftex.def Info: graphics/Marco/3C98-crop.pdf  used on input line 228.
(pdftex.def)             Requested size: 198.45662pt x 198.06326pt.

Package natbib Warning: Citation `Hardcastle2020' on page 9 undefined on input 
line 230.


Package natbib Warning: Citation `Hardcastle2020' on page 9 undefined on input 
line 230.


LaTeX Warning: `h' float specifier changed to `ht'.


Package natbib Warning: Citation `Israel1998' on page 9 undefined on input line
 240.


Package natbib Warning: Citation `Clarke1992' on page 9 undefined on input line
 240.


Package natbib Warning: Citation `Hardcastle2003' on page 9 undefined on input 
line 240.


Package natbib Warning: Citation `Feain2011' on page 9 undefined on input line 
240.


Package natbib Warning: Citation `Fanaroff1974' on page 9 undefined on input li
ne 240.


Overfull \hbox (22.91241pt too wide) in paragraph at lines 240--241
[]\OT1/lmr/m/n/10.95 Centaurus A al-ber-ga en su cen-tro un SMBH con una masa e
s-ti-ma-da de $\OML/lmm/m/it/10.95 M \OT1/lmr/m/n/10.95 = (5\OML/lmm/m/it/10.95
 :\OT1/lmr/m/n/10.95 5 \OMS/lmsy/m/n/10.95 ^^F \OT1/lmr/m/n/10.95 3\OML/lmm/m/i
t/10.95 :\OT1/lmr/m/n/10.95 0) \OMS/lmsy/m/n/10.95 ^^B \OT1/lmr/m/n/10.95 10[] 
\OML/lmm/m/it/10.95 M[]$
 []

[9 <./graphics/Marco/cenA_w22.jpg>]
<graphics/Marco/TANAMI_CEN_A.png, id=429, 602.25pt x 263.98625pt>
File: graphics/Marco/TANAMI_CEN_A.png Graphic file (type png)
<use graphics/Marco/TANAMI_CEN_A.png>
Package pdftex.def Info: graphics/Marco/TANAMI_CEN_A.png  used on input line 24
6.
(pdftex.def)             Requested size: 441.01773pt x 193.32062pt.
LaTeX Font Info:    External font `lmex10' loaded for size
(Font)              <10> on input line 247.
LaTeX Font Info:    External font `lmex10' loaded for size
(Font)              <7> on input line 247.
LaTeX Font Info:    External font `lmex10' loaded for size
(Font)              <5> on input line 247.
 [10 <./graphics/Marco/3C31-crop.pdf> <./graphics/Marco/3C98-crop.pdf

pdfTeX warning: pdflatex (file ./graphics/Marco/3C98-crop.pdf): PDF inclusion: 
multiple pdfs with page group included in a single page
> <./graphics/Marco/TANAMI_CEN_A.png>]
<graphics/Marco/EHT_CEN_A.png, id=456, 834.11626pt x 544.0325pt>
File: graphics/Marco/EHT_CEN_A.png Graphic file (type png)
<use graphics/Marco/EHT_CEN_A.png>
Package pdftex.def Info: graphics/Marco/EHT_CEN_A.png  used on input line 257.
(pdftex.def)             Requested size: 352.81552pt x 230.11914pt.
) [11 <./graphics/Marco/EHT_CEN_A.png>]
[12



]
\openout2 = `tex/Modelo.aux'.

 (./tex/Modelo.tex
\bbl@ensure@spanish {Cap\'\i tulo} 3.
Excluding 'comment' comment.
<graphics/Modelo/conceptual_program_flow.png, id=468, 963.6pt x 813.0375pt>
File: graphics/Modelo/conceptual_program_flow.png Graphic file (type png)
<use graphics/Modelo/conceptual_program_flow.png>
Package pdftex.def Info: graphics/Modelo/conceptual_program_flow.png  used on i
nput line 11.
(pdftex.def)             Requested size: 330.76329pt x 279.07156pt.

Underfull \vbox (badness 10000) has occurred while \output is active []

 [13


 <./graphics/Modelo/conceptual_program_flow.png>]

Package natbib Warning: Citation `Blandford1977' on page 14 undefined on input 
line 44.


Package natbib Warning: Citation `Meier2001' on page 14 undefined on input line
 44.


Package natbib Warning: Citation `Zdziarski2014' on page 14 undefined on input 
line 44.

[14] Excluding 'comment' comment. [15]

Package natbib Warning: Citation `Romero2017' on page 16 undefined on input lin
e 122.

[16]
Overfull \hbox (14.91222pt too wide) in paragraph at lines 141--143
\OT1/lmr/m/n/10.95 donde $\OML/lmm/m/it/10.95 U[] \OT1/lmr/m/n/10.95 = \OML/lmm
/m/it/10.95 B[]=\OT1/lmr/m/n/10.95 8\OML/lmm/m/it/10.95 ^^Y$ \OT1/lmr/m/n/10.95
 es la den-si-dad de en-erg^^S^^Pa magn^^Setica y $\OML/lmm/m/it/10.95 p[]$ \OT
1/lmr/m/n/10.95 la pre-si^^Son magn^^Setica; aprovechamos
 []

<graphics/Modelo/Jet_Power.jpeg, id=502, 701.3402pt x 400.5364pt>
File: graphics/Modelo/Jet_Power.jpeg Graphic file (type jpg)
<use graphics/Modelo/Jet_Power.jpeg>
Package pdftex.def Info: graphics/Modelo/Jet_Power.jpeg  used on input line 150
.
(pdftex.def)             Requested size: 211.68661pt x 120.89525pt.
<graphics/Modelo/sigma_gamma.jpeg, id=503, 513.2776pt x 400.5364pt>
File: graphics/Modelo/sigma_gamma.jpeg Graphic file (type jpg)
<use graphics/Modelo/sigma_gamma.jpeg>
Package pdftex.def Info: graphics/Modelo/sigma_gamma.jpeg  used on input line 1
55.
(pdftex.def)             Requested size: 158.76495pt x 123.88997pt.
[17 <./graphics/Modelo/Jet_power.jpeg> <./graphics/Modelo/sigma_gamma.jpeg>]
Excluding 'comment' comment.

Package natbib Warning: Citation `Park1996' on page 18 undefined on input line 
229.

[18]
<graphics/Modelo/cone.png, id=530, 348.30125pt x 278.03876pt>
File: graphics/Modelo/cone.png Graphic file (type png)
<use graphics/Modelo/cone.png>
Package pdftex.def Info: graphics/Modelo/cone.png  used on input line 275.
(pdftex.def)             Requested size: 198.45662pt x 158.42009pt.


Package wrapfig Warning: Collision between wrapping environments on input line 
280.

<graphics/Modelo/schematic.png, id=531, 361.35pt x 361.35pt>
File: graphics/Modelo/schematic.png Graphic file (type png)
<use graphics/Modelo/schematic.png>
Package pdftex.def Info: graphics/Modelo/schematic.png  used on input line 282.

(pdftex.def)             Requested size: 154.35889pt x 154.35742pt.

Underfull \hbox (badness 2326) in paragraph at lines 279--285
[]\OT1/lmr/m/n/10.95 En el mod-e-lo adop-ta-do, la dis-tribu-ci^^Son de
 []


Package wrapfig Warning: Stationary wrapfigure forced to float on input line 28
5.


Package wrapfig Warning: Stationary wrapfigure forced to float on input line 28
7.


Package wrapfig Warning: Stationary wrapfigure forced to float on input line 28
9.

[19 <./graphics/Modelo/cone.png>]
Overfull \hbox (39.75565pt too wide) detected at line 306
[][][]\OML/lmm/m/it/10.95 l\OT1/lmr/m/n/10.95 (\OML/lmm/m/it/10.95 x; z\OT1/lmr
/m/n/10.95 ) = []
 []

! Double superscript.
<recently read> ^
                 
l.340      I'_\nu'
                  (x, z) = \frac{j'_{\nu'}(z)}{\alpha'_{\nu'}(z)}\, \delta^3
? 
[20 <./graphics/Modelo/schematic.png>] [21]
Overfull \hbox (74.6682pt too wide) in paragraph at lines 435--436
\OT1/lmr/m/n/10.95 Para un val-or medio $\OML/lmm/m/it/10.95 x \OT1/lmr/m/n/10.
95 = (\OML/lmm/m/it/10.95 R[] \OT1/lmr/m/n/10.95 + \OML/lmm/m/it/10.95 R[]\OT1/
lmr/m/n/10.95 )\OML/lmm/m/it/10.95 =\OT1/lmr/m/n/10.95 2$, defin-i-mos una pro-
fun-di-dad ^^Soptica prome-dio $\OML/lmm/m/it/10.95 ^^\[]\OT1/lmr/m/n/10.95 (\O
ML/lmm/m/it/10.95 z\OT1/lmr/m/n/10.95 ) = \OML/lmm/m/it/10.95 [] l[]=\OT1/lmr/
m/n/10.95 (\OML/lmm/m/it/10.95 ^^N [] i\OT1/lmr/m/n/10.95 )$.
 []


Overfull \hbox (34.02193pt too wide) in paragraph at lines 468--470
\OT1/lmr/m/n/10.95 donde $^^A\OML/lmm/m/it/10.95 x$ \OT1/lmr/m/n/10.95 y $^^A\O
ML/lmm/m/it/10.95 y$ \OT1/lmr/m/n/10.95 rep-re-sen-tan el tama~no de las cel-da
s. Es-tos val-ores se de-finen co-mo $^^A\OML/lmm/m/it/10.95 x; \OT1/lmr/m/n/10
.95 ^^A\OML/lmm/m/it/10.95 y \OT1/lmr/m/n/10.95 = \OML/lmm/m/it/10.95 f[]; ^^[[
]$\OT1/lmr/m/n/10.95 ,
 []

[22]
<graphics/Modelo/Convolucion_a_dos_puntos.png, id=585, 563.706pt x 476.982pt>
File: graphics/Modelo/Convolucion_a_dos_puntos.png Graphic file (type png)
<use graphics/Modelo/Convolucion_a_dos_puntos.png>
Package pdftex.def Info: graphics/Modelo/Convolucion_a_dos_puntos.png  used on 
input line 497.
(pdftex.def)             Requested size: 211.68661pt x 179.11525pt.
LaTeX Font Info:    External font `lmex10' loaded for size
(Font)              <9> on input line 498.
<graphics/Modelo/Convolucion_a_dos_puntos_Tb.png, id=586, 563.706pt x 476.982pt
>
File: graphics/Modelo/Convolucion_a_dos_puntos_Tb.png Graphic file (type png)
<use graphics/Modelo/Convolucion_a_dos_puntos_Tb.png>
Package pdftex.def Info: graphics/Modelo/Convolucion_a_dos_puntos_Tb.png  used 
on input line 504.
(pdftex.def)             Requested size: 211.68661pt x 179.11525pt.
) [23 <./graphics/Modelo/Convolucion_a_dos_puntos.png> <./graphics/Modelo/Convo
lucion_a_dos_puntos_Tb.png>] [24



]
\openout2 = `tex/Resultados.aux'.

 (./tex/Resultados.tex
\bbl@ensure@spanish {Cap\'\i tulo} 4.
Excluding 'comment' comment.
<graphics/Resultados/RvZ.jpg, id=607, 722.7pt x 433.62pt>
File: graphics/Resultados/RvZ.jpg Graphic file (type jpg)
<use graphics/Resultados/RvZ.jpg>
Package pdftex.def Info: graphics/Resultados/RvZ.jpg  used on input line 19.
(pdftex.def)             Requested size: 264.61333pt x 158.76953pt.
 [25


 <./graphics/Resultados/RvZ.jpg>]
<graphics/Resultados/dFdz.png, id=625, 722.7pt x 433.62pt>
File: graphics/Resultados/dFdz.png Graphic file (type png)
<use graphics/Resultados/dFdz.png>
Package pdftex.def Info: graphics/Resultados/dFdz.png  used on input line 40.
(pdftex.def)             Requested size: 330.76329pt x 198.45529pt.
<graphics/Resultados/fluxTot.png, id=626, 722.7pt x 433.62pt>
File: graphics/Resultados/fluxTot.png Graphic file (type png)
<use graphics/Resultados/fluxTot.png>
Package pdftex.def Info: graphics/Resultados/fluxTot.png  used on input line 46
.
(pdftex.def)             Requested size: 330.76329pt x 198.45529pt.


LaTeX Warning: `!h' float specifier changed to `!ht'.

[26 <./graphics/Resultados/dFdz.png>]
<graphics/Resultados/Mapa_Tb_0-135.jpeg, id=639, 867.24pt x 433.62pt>
File: graphics/Resultados/Mapa_Tb_0-135.jpeg Graphic file (type jpg)
<use graphics/Resultados/Mapa_Tb_0-135.jpeg>
Package pdftex.def Info: graphics/Resultados/Mapa_Tb_0-135.jpeg  used on input 
line 69.
(pdftex.def)             Requested size: 216.1011pt x 108.04744pt.

Underfull \hbox (badness 1152) in paragraph at lines 70--70
[]\OT1/lmr/bx/n/9 (a) |\OT1/lmr/m/n/9 Ma-pa de tem-per-atu-ra de bril-lo en el 
cielo,
 []

<graphics/Resultados/Mapa_Tb_75-135.jpeg, id=640, 867.24pt x 433.62pt>
File: graphics/Resultados/Mapa_Tb_75-135.jpeg Graphic file (type jpg)
<use graphics/Resultados/Mapa_Tb_75-135.jpeg>
Package pdftex.def Info: graphics/Resultados/Mapa_Tb_75-135.jpeg  used on input
 line 76.
(pdftex.def)             Requested size: 216.1011pt x 108.04744pt.

Underfull \hbox (badness 1062) in paragraph at lines 77--77
[]\OT1/lmr/bx/n/9 (b) |\OT1/lmr/m/n/9 Ma-pa de tem-per-atu-ra de bril-lo en el 
cielo,
 []

<graphics/Resultados/SQRT_T_brightness_(230GHz).png, id=641, 867.24pt x 433.62p
t>
File: graphics/Resultados/SQRT_T_brightness_(230GHz).png Graphic file (type png
)
<use graphics/Resultados/SQRT_T_brightness_(230GHz).png>
Package pdftex.def Info: graphics/Resultados/SQRT_T_brightness_(230GHz).png  us
ed on input line 86.
(pdftex.def)             Requested size: 216.1011pt x 108.04744pt.

Underfull \hbox (badness 1205) in paragraph at lines 87--87
[]\OT1/lmr/bx/n/9 (c) |\OT1/lmr/m/n/9 Ma-pa de tem-per-atu-ra de bril-lo en el 
cielo,
 []

<graphics/Resultados/Mapa_Tb_130-135.jpeg, id=642, 867.24pt x 433.62pt>
File: graphics/Resultados/Mapa_Tb_130-135.jpeg Graphic file (type jpg)
<use graphics/Resultados/Mapa_Tb_130-135.jpeg>
Package pdftex.def Info: graphics/Resultados/Mapa_Tb_130-135.jpeg  used on inpu
t line 93.
(pdftex.def)             Requested size: 216.1011pt x 108.04744pt.

Underfull \hbox (badness 1062) in paragraph at lines 94--94
[]\OT1/lmr/bx/n/9 (d) |\OT1/lmr/m/n/9 Ma-pa de tem-per-atu-ra de bril-lo en el 
cielo,
 []


LaTeX Warning: `!h' float specifier changed to `!ht'.

File: graphics/Resultados/SQRT_T_brightness_(230GHz).png Graphic file (type png
)
<use graphics/Resultados/SQRT_T_brightness_(230GHz).png>
Package pdftex.def Info: graphics/Resultados/SQRT_T_brightness_(230GHz).png  us
ed on input line 111.
(pdftex.def)             Requested size: 308.71106pt x 154.35632pt.
[27 <./graphics/Resultados/fluxTot.png>]
<graphics/Resultados/Mapa_Tb_convolucionA.jpeg, id=661, 867.24pt x 433.62pt>
File: graphics/Resultados/Mapa_Tb_convolucionA.jpeg Graphic file (type jpg)
<use graphics/Resultados/Mapa_Tb_convolucionA.jpeg>
Package pdftex.def Info: graphics/Resultados/Mapa_Tb_convolucionA.jpeg  used on
 input line 122.
(pdftex.def)             Requested size: 216.1011pt x 108.04744pt.
<graphics/Resultados/Mapa_Tb_convolucionB.jpeg, id=662, 867.24pt x 433.62pt>
File: graphics/Resultados/Mapa_Tb_convolucionB.jpeg Graphic file (type jpg)
<use graphics/Resultados/Mapa_Tb_convolucionB.jpeg>
Package pdftex.def Info: graphics/Resultados/Mapa_Tb_convolucionB.jpeg  used on
 input line 130.
(pdftex.def)             Requested size: 216.1011pt x 108.04744pt.
<graphics/Resultados/Mapa_Tb_convolucionC.jpeg, id=663, 867.24pt x 433.62pt>
File: graphics/Resultados/Mapa_Tb_convolucionC.jpeg Graphic file (type jpg)
<use graphics/Resultados/Mapa_Tb_convolucionC.jpeg>
Package pdftex.def Info: graphics/Resultados/Mapa_Tb_convolucionC.jpeg  used on
 input line 135.
(pdftex.def)             Requested size: 216.1011pt x 108.04744pt.

Underfull \vbox (badness 10000) has occurred while \output is active []

 [28 <./graphics/Resultados/Mapa_Tb_0-135.jpeg> <./graphics/Resultados/Mapa_Tb_
75-135.jpeg> <./graphics/Resultados/SQRT_T_brightness_(230GHz).png> <./graphics
/Resultados/Mapa_Tb_130-135.jpeg>]
<graphics/Resultados/T_b_vs_Z_(prueba1).jpeg, id=677, 722.7pt x 433.62pt>
File: graphics/Resultados/T_b_vs_Z_(prueba1).jpeg Graphic file (type jpg)
<use graphics/Resultados/T_b_vs_Z_(prueba1).jpeg>
Package pdftex.def Info: graphics/Resultados/T_b_vs_Z_(prueba1).jpeg  used on i
nput line 150.
(pdftex.def)             Requested size: 216.1011pt x 129.65692pt.
<graphics/Resultados/T_b_vs_Z_(prueba2).jpeg, id=678, 722.7pt x 433.62pt>
File: graphics/Resultados/T_b_vs_Z_(prueba2).jpeg Graphic file (type jpg)
<use graphics/Resultados/T_b_vs_Z_(prueba2).jpeg>
Package pdftex.def Info: graphics/Resultados/T_b_vs_Z_(prueba2).jpeg  used on i
nput line 157.
(pdftex.def)             Requested size: 216.1011pt x 129.65692pt.
<graphics/Resultados/T_b_vs_Z_(prueba3).jpeg, id=679, 722.7pt x 433.62pt>
File: graphics/Resultados/T_b_vs_Z_(prueba3).jpeg Graphic file (type jpg)
<use graphics/Resultados/T_b_vs_Z_(prueba3).jpeg>
Package pdftex.def Info: graphics/Resultados/T_b_vs_Z_(prueba3).jpeg  used on i
nput line 167.
(pdftex.def)             Requested size: 216.1011pt x 129.65692pt.
<graphics/Resultados/T_b_vs_Z_(prueba4).jpeg, id=680, 722.7pt x 433.62pt>
File: graphics/Resultados/T_b_vs_Z_(prueba4).jpeg Graphic file (type jpg)
<use graphics/Resultados/T_b_vs_Z_(prueba4).jpeg>
Package pdftex.def Info: graphics/Resultados/T_b_vs_Z_(prueba4).jpeg  used on i
nput line 174.
(pdftex.def)             Requested size: 216.1011pt x 129.65692pt.


LaTeX Warning: `!h' float specifier changed to `!ht'.

[29 <./graphics/Resultados/Mapa_Tb_convolucionA.jpeg> <./graphics/Resultados/Ma
pa_Tb_convolucionB.jpeg> <./graphics/Resultados/Mapa_Tb_convolucionC.jpeg>]
[30 <./graphics/Resultados/T_b_vs_Z_(prueba1).jpeg> <./graphics/Resultados/T_b_
vs_Z_(prueba2).jpeg> <./graphics/Resultados/T_b_vs_Z_(prueba3).jpeg> <./graphic
s/Resultados/T_b_vs_Z_(prueba4).jpeg>]
<graphics/Resultados/TvZ.jpeg, id=701, 867.24pt x 433.62pt>
File: graphics/Resultados/TvZ.jpeg Graphic file (type jpg)
<use graphics/Resultados/TvZ.jpeg>
Package pdftex.def Info: graphics/Resultados/TvZ.jpeg  used on input line 197.
(pdftex.def)             Requested size: 330.76329pt x 165.37941pt.
) [31 <./graphics/Resultados/TvZ.jpeg>]
[32



]
\openout2 = `tex/apx1.aux'.

 (./tex/apx1.tex
\bbl@ensure@spanish {Ap\'endice} A.

Package natbib Warning: Citation `Blumenthal1970' on page 33 undefined on input
 line 14.


Package natbib Warning: Citation `Aharonian2010' on page 33 undefined on input 
line 16.


Overfull \hbox (8.32777pt too wide) in paragraph at lines 16--17
[]\OT1/lmr/bx/n/10.95 ? \OT1/lmr/m/n/10.95 pre-sen-ta una aprox-i-ma-cion para 
el val-or de es-ta in-te-gral. Para el-lo pro-ponemos $\OML/lmm/m/it/10.95 x \O
T1/lmr/m/n/10.95 = []\OML/lmm/m/it/10.95 =[]$\OT1/lmr/m/n/10.95 ,
 []

[33


]
Runaway argument?
{{Rybicki1979}: 
! Paragraph ended before \@citex was complete.
<to be read again> 
                   \par 
l.68 
     
? 
<graphics/Marco/Sincrotron_absorcion.png, id=724, 555.07375pt x 383.4325pt>
File: graphics/Marco/Sincrotron_absorcion.png Graphic file (type png)
<use graphics/Marco/Sincrotron_absorcion.png>
Package pdftex.def Info: graphics/Marco/Sincrotron_absorcion.png  used on input
 line 84.
(pdftex.def)             Requested size: 286.65883pt x 198.01698pt.

Package natbib Warning: Citation `Rybicki1979' on page 34 undefined on input li
ne 85.


Package natbib Warning: Citation `Rybicki1979' on page 34 undefined on input li
ne 85.


LaTeX Warning: `!h' float specifier changed to `!ht'.

) [34] [35 <./graphics/Marco/Sincrotron_absorcion.png>] [36



]
(./Tesis_Apellido.bbl
! Undefined control sequence.
<argument> \@empty \prd 
                        \xdef \UL@spfactor {\the \spacefactor }
l.14 \newblock \emph{\prd}
                          , 82\penalty0 (4):\penalty0 043002, Aug. 2010.
? 
! Misplaced alignment tab character &.
<argument> \@empty A&
                     A\xdef \UL@spfactor {\the \spacefactor }
l.93 \newblock \emph{A&A}
                         , 654:\penalty0 A27, 2021.
? 
[37


]
! Undefined control sequence.
<argument> \@empty \ssr 
                        \xdef \UL@spfactor {\the \spacefactor }
l.241 \newblock \emph{\ssr}
                           , 207\penalty0 (1-4):\penalty0 5--61, July 2017.
? 

Package fancyhdr Warning: \headheight is too small (12.0pt): 
(fancyhdr)                Make it at least 12.87001pt, for example:
(fancyhdr)                \setlength{\headheight}{12.87001pt}.
(fancyhdr)                You might also make \topmargin smaller to compensate:

(fancyhdr)                \addtolength{\topmargin}{-0.87001pt}.

[38])

Package natbib Warning: There were undefined citations.


Package fancyhdr Warning: \headheight is too small (12.0pt): 
(fancyhdr)                Make it at least 12.87001pt, for example:
(fancyhdr)                \setlength{\headheight}{12.87001pt}.
(fancyhdr)                You might also make \topmargin smaller to compensate:

(fancyhdr)                \addtolength{\topmargin}{-0.87001pt}.

[39] (./Tesis_Apellido.aux (./tex/portada.aux) (./tex/prefacio.aux)
(./tex/resumen.aux) (./tex/dedicatoria.aux) (./tex/agradecimientos.aux)
(./tex/acronimos.aux) (./tex/introduccion.aux) (./tex/Marco.aux)
(./tex/Modelo.aux) (./tex/Resultados.aux) (./tex/apx1.aux)

Package natbib Warning: Citation(s) may have changed.
(natbib)                Rerun to get citations correct.

)
 ***********
LaTeX2e <2023-11-01> patch level 1
L3 programming layer <2024-01-22>
 ***********


LaTeX Warning: There were undefined references.

Package rerunfilecheck Info: File `Tesis_Apellido.out' has not changed.
(rerunfilecheck)             Checksum: E1CF50D3151D1A12D75BFFAFDA830894;7901.
 )
(\end occurred inside a group at level 1)

### semi simple group (level 1) entered at line 67 (\begingroup)
### bottom level 
Here is how much of TeX's memory you used:
 19855 strings out of 476106
 372204 string characters out of 5793932
 1952975 words of memory out of 5000000
 41279 multiletter control sequences out of 15000+600000
 664579 words of font info for 105 fonts, out of 8000000 for 9000
 59 hyphenation exceptions out of 8191
 75i,13n,80p,1539b,1151s stack positions out of 10000i,1000n,20000p,200000b,200000s
</usr/share/texmf/fonts/type1/public/lm/lmbx10.pfb></usr/share/
texmf/fonts/type1/public/lm/lmbx12.pfb></usr/share/texmf/fonts/type1/public/lm/
lmbx9.pfb></usr/share/texmf/fonts/type1/public/lm/lmbxi10.pfb></usr/share/texmf
/fonts/type1/public/lm/lmcsc10.pfb></usr/share/texmf/fonts/type1/public/lm/lmcs
co10.pfb></usr/share/texmf/fonts/type1/public/lm/lmex10.pfb></usr/share/texmf/f
onts/type1/public/lm/lmmi10.pfb></usr/share/texmf/fonts/type1/public/lm/lmmi6.p
fb></usr/share/texmf/fonts/type1/public/lm/lmmi7.pfb></usr/share/texmf/fonts/ty
pe1/public/lm/lmmi8.pfb></usr/share/texmf/fonts/type1/public/lm/lmmi9.pfb></usr
/share/texmf/fonts/type1/public/lm/lmr10.pfb></usr/share/texmf/fonts/type1/publ
ic/lm/lmr12.pfb></usr/share/texmf/fonts/type1/public/lm/lmr17.pfb></usr/share/t
exmf/fonts/type1/public/lm/lmr6.pfb></usr/share/texmf/fonts/type1/public/lm/lmr
7.pfb></usr/share/texmf/fonts/type1/public/lm/lmr8.pfb></usr/share/texmf/fonts/
type1/public/lm/lmr9.pfb></usr/share/texmf/fonts/type1/public/lm/lmri10.pfb></u
sr/share/texmf/fonts/type1/public/lm/lmri9.pfb></usr/share/texmf/fonts/type1/pu
blic/lm/lmsy10.pfb></usr/share/texmf/fonts/type1/public/lm/lmsy6.pfb></usr/shar
e/texmf/fonts/type1/public/lm/lmsy7.pfb></usr/share/texmf/fonts/type1/public/lm
/lmsy8.pfb></usr/share/texmf/fonts/type1/public/lm/lmtt10.pfb></usr/share/texli
ve/texmf-dist/fonts/type1/public/amsfonts/symbols/msam10.pfb>
Output written on Tesis_Apellido.pdf (57 pages, 7757090 bytes).
PDF statistics:
 979 PDF objects out of 1000 (max. 8388607)
 805 compressed objects within 9 object streams
 230 named destinations out of 1000 (max. 500000)
 514 words of extra memory for PDF output out of 10000 (max. 10000000)

